[List description]
[Description]
 Text=List & Label Projektdatei
 FileVersion=16
 RootTable=TechnikerBarcodes
 DataProviderMode=Interface
 Units=SCM-Units
 Metric=3
 TextQuote.Start=1
 TextQuote.End=1
 RepresentationCode.CondStart=171
 RepresentationCode.CondSep=166
 RepresentationCode.CondEnd=187
 RepresentationCode.Tab=247
 RepresentationCode.Ret=182
 RepresentationCode.PhantomSpace=8203
 RepresentationCode.LockNextChar=8288
 RepresentationCode.ExprSep=164
 LCID=1031
 UserVars.ManualSortOrder=1
 Created=<unknown>
 CreatedByApp=<unknown>
 CreatedByDLL=<unknown>
 CreatedByUser=<unknown>
 LastModified=13.03.2023, 12:48:54
 LastModifiedByApp=DLPXMLPR.EXE [3.0.0.100]
 LastModifiedByDLL=CMLL26.DLL [26.0.2020.29512 (20-10-16 12:16)F]
 LastModifiedByUser=MHaasl on VERONIKA7
 CreatedByCallFrom=
 [@DatabaseStructure]
  {
  [DatabaseStructures]
   {
   [DatabaseStructure]
	{
	[Table:TechnikerBarcodes]
	 {
	 [UsedIdentifiers]
	  {
	  TechnikerBarcodes.Nummer=True
	  }
	 }
	}
   }
  }
[Layout]
 P1.Template=
 xGrid=1000
 yGrid=1000
 GridShow=TRUE
 GridSnap=TRUE
 EnhancedExpressions=TRUE
 EnhancedOldExpressions=FALSE
 Decimals=2
 RealDataPreviewPageLimit=-2
 DefFont={(0,0,0),12.000000,-16,0,0,0,400,0,0,0,0,4,0,0,0,Arial}
 HelpLines.Horizontal=
 HelpLines.Vertical=
 PDF.MaxOutlineDepth=2
 PDF.MaxOutlineDepth.IDX=3
 DefaultSize.Objecttype1=(0,0,188970,9240)
 DefaultSize.Objecttype3=(0,0,2280,276730)
 DefaultSize.Objecttype6=(0,0,188970,264650)
 ObjectCount=12
[UserSection]
 
[SumVariables]
[Layer]
 Name=Basis
 Condition=
 WorkspaceColor=(102,102,102)
 Visible=TRUE
 LayerID=0
[Layer]
 Name=Erste Seite
 Condition=Page() = 1
 WorkspaceColor=(197,207,10)
 Visible=TRUE
 LayerID=1
[Layer]
 Name=Folgeseiten
 Condition=Page() <> 1
 WorkspaceColor=(161,203,243)
 Visible=TRUE
 LayerID=2
[ProjectTemplates]
 [@ProjectTemplates]
  {
  [ProjectTemplates]
   {
   }
  }
[Object]
 ObjectID=6
 ObjectName=Berichtscontainer
 Locked=FALSE
 LinkUUID={C02B0935-5606-46FE-B1A3-F5B413139D2D}
 LinkMode=32
 LayerID=0
 LayerCond=
 GroupUUID=
 Identifier=
 Condition=True
 UserLocked=False
 WrapBefore=False
 Position/Left=10500
 Position/Top=19830
 Position/Width=188970
 Position/Height=264650
 Direction=0
 Frame/Layout=0
 Frame/Left/Spacing=0
 Frame/Left/Line=False
 Frame/Top/Spacing=0
 Frame/Top/Line=False
 Frame/Right/Spacing=0
 Frame/Right/Line=False
 Frame/Bottom/Spacing=0
 Frame/Bottom/Line=False
 PDFLevel=0
 PDFText=
 IndexPDFLevel=0
 IndexPDFText=
 IssueCondition=True
 Link.URL=
 DefaultFont/Default=True
 DefaultFont/FaceName="Arial"
 DefaultFont/GdiCharSet=0
 DefaultFont/Size=Null()
 DefaultFont/Width=#Null()
 DefaultFont/Bold=Null()
 DefaultFont/Italic=Null()
 DefaultFont/Underline=Null()
 DefaultFont/Strikeout=Null()
 DefaultFont/Color=Null()
 DefaultFont/PitchAndFamily=Null()
 DefaultFont/OutPrecision=Null()
 FgColor=RGB(180,180,180)
 bFill=0
 CurrentTable=0
 ColumnCount=1
 ColumnCount.Distance=1000
 [@Tables]
  {
  [Tables]
   {
   [Table]
	{
	TableType=List
	TableID=TechnikerBarcodes
	RelationID=
	LinkUUID={627840A0-B62A-45AE-98E8-C71A0AD0BB90}
	[GroupHeaderLines]
	 {
	 bConcatDataLines=True
	 bKeepTogether=False
	 }
	[GroupFooterLines]
	 {
	 bAlsoOnEmptyGroup=False
	 bKeepTogether=False
	 }
	[DataLines]
	 {
	 bKeepTogether=True
	 [bKeepTogether]
	  {
	  IndexedGroups=False
	  }
	 bSuppress=False
	 bForceSumCalculation=True
	 KeepTogether=0
	 }
	ZebraPattern=0
	[FooterLines]
	 {
	 bKeepTogether=False
	 }
	PageBreakCondition=False
	[DefaultFrame]
	 {
	 Layout=1
	 [Left]
	  {
	  Spacing=1000
	  Line=True
	  [Line]
	   {
	   Color=RGB(180,180,180)
	   LineType=0
	   }
	  LineWidth=0
	  }
	 [Top]
	  {
	  Spacing=500
	  Line=True
	  [Line]
	   {
	   Color=RGB(180,180,180)
	   LineType=0
	   }
	  LineWidth=0
	  }
	 [Right]
	  {
	  Spacing=1000
	  Line=True
	  [Line]
	   {
	   Color=RGB(180,180,180)
	   LineType=0
	   }
	  LineWidth=0
	  }
	 [Bottom]
	  {
	  Spacing=500
	  Line=True
	  [Line]
	   {
	   Color=RGB(180,180,180)
	   LineType=0
	   }
	  LineWidth=0
	  }
	 }
	UseSepTicks=True
	ColumnCount=2
	ColumnCount.Distance=1000
	FillPrioHorizonal=False
	ColumnBreakCondition=False
	ColumnBreakBefore=False
	bFooterOnBottom=False
	bFillBottom=False
	Identifier=
	Condition=True
	DistanceTop=0
	DistanceBottom=0
	WrapBefore=False
	ShowInContextUI=True
	PDFLevel=0
	PDFText=
	IndexPDFLevel=0
	IndexPDFText=
	Expandable=False
	FormulaFilter=True
	DesignScheme="PROJECT"
	Animation=""
	Subreport=False
	[Body]
	 {
	 [Lines]
	  {
	  [Line]
	   {
	   [Columns]
		{
		[Column]
		 {
		 Identifier=
		 Text="*" +Right$("000000"+LTrim$(TechnikerBarcodes.Nummer), 6) + "*" ¤/* +"  " + TechnikerBarcodes.Name
		 Width=45730
		 Height=10000
		 FixedHeight=0
		 bIsotropic=True
		 PlainTextFormat=True
		 Align=1
		 AlignDecPosition=-10000
		 VAlign=1
		 DrawingAlignment=0
		 Adjusted=False
		 LineWrap=1
		 ForceWrap=False
		 FlowControl=False
		 Spacing.Line=0
		 bFill=1
		 Raster=1
		 BkColor=LL.Scheme.BackgroundColor0
		 FgColor=LL.Color.Black
		 SpaceOptimization=True
		 Link.URL=
		 WithText=False
		 MatchDevicePixel=False
		 [Frame]
		  {
		  Default=False
		  Layout=1
		  [Left]
		   {
		   Spacing=1000
		   Line=False
		   }
		  [Top]
		   {
		   Spacing=500
		   Line=False
		   }
		  [Right]
		   {
		   Spacing=1000
		   Line=False
		   }
		  [Bottom]
		   {
		   Spacing=500
		   Line=False
		   }
		  }
		 [Font]
		  {
		  Default=False
		  FaceName="Arial"
		  GdiCharSet=0
		  Size=18.0
		  Width=0
		  Bold=False
		  Italic=False
		  Underline=False
		  Strikeout=False
		  Color=LL.Color.Black
		  PitchAndFamily=34
		  OutPrecision=3
		  }
		 Direction=0
		 BarWidth=0
		 [BarWidth]
		  {
		  Align=0
		  }
		 BarRatio=0
		 ExportAsPicture=False
		 DwgSaveAsJPEG=0
		 Condition=True
		 ReservedMinHeight=30000
		 Animation=""
		 HTMLAnimation=""
		 }
		}
	   [Options]
		{
		Description=
		[LFont]
		 {
		 Default=True
		 FaceName=Null()
		 GdiCharSet=Null()
		 Size=Null()
		 Width=#Null()
		 Bold=Null()
		 Italic=Null()
		 Underline=Null()
		 Strikeout=Null()
		 Color=Null()
		 PitchAndFamily=Null()
		 OutPrecision=Null()
		 }
		DisplayInDesigner=True
		PDFLevel=0
		PDFText=
		IndexPDFLevel=0
		IndexPDFText=
		[ReservedSpace]
		 {
		 Left=25000
		 Top=3000
		 Right=0
		 Bottom=3000
		 }
		LCondition=True
		IndexedGroups=0
		Anchor=0
		Anchor.ToTop=True
		}
	   }
	  }
	 [Options]
	  {
	  }
	 }
	[Header]
	 {
	 [Lines]
	  {
	  [Line]
	   {
	   [Columns]
		{
		}
	   [Options]
		{
		Description=
		[LFont]
		 {
		 Default=True
		 FaceName=Null()
		 GdiCharSet=Null()
		 Size=Null()
		 Width=#Null()
		 Bold=Null()
		 Italic=Null()
		 Underline=Null()
		 Strikeout=Null()
		 Color=Null()
		 PitchAndFamily=Null()
		 OutPrecision=Null()
		 }
		DisplayInDesigner=True
		PDFLevel=0
		PDFText=
		IndexPDFLevel=0
		IndexPDFText=
		[ReservedSpace]
		 {
		 Left=0
		 Top=0
		 Right=0
		 Bottom=0
		 }
		LCondition=True
		Anchor=0
		Anchor.ToTop=True
		}
	   }
	  }
	 [Options]
	  {
	  }
	 }
	[Footer]
	 {
	 [Lines]
	  {
	  [Line]
	   {
	   [Columns]
		{
		}
	   [Options]
		{
		Description=
		[LFont]
		 {
		 Default=True
		 FaceName=Null()
		 GdiCharSet=Null()
		 Size=Null()
		 Width=#Null()
		 Bold=Null()
		 Italic=Null()
		 Underline=Null()
		 Strikeout=Null()
		 Color=Null()
		 PitchAndFamily=Null()
		 OutPrecision=Null()
		 }
		DisplayInDesigner=True
		PDFLevel=0
		PDFText=
		IndexPDFLevel=0
		IndexPDFText=
		[ReservedSpace]
		 {
		 Left=0
		 Top=0
		 Right=0
		 Bottom=0
		 }
		LCondition=True
		IndexedGroups=0
		Anchor=0
		Anchor.ToTop=True
		}
	   }
	  }
	 [Options]
	  {
	  }
	 }
	[GroupHeader]
	 {
	 [Lines]
	  {
	  [Line]
	   {
	   [Columns]
		{
		[Column]
		 {
		 Identifier=
		 Text=Barcode (RIGHT$("000000"+LTRIM$(TechnikerBarcodes.Nummer),6), "3-aus-9")
		 Width=45730
		 Height=12000
		 FixedHeight=0
		 bIsotropic=True
		 PlainTextFormat=True
		 Align=0
		 AlignDecPosition=-10000
		 VAlign=0
		 DrawingAlignment=0
		 Adjusted=False
		 LineWrap=1
		 ForceWrap=False
		 FlowControl=False
		 Spacing.Line=0
		 bFill=1
		 Raster=1
		 BkColor=LL.Scheme.BackgroundColor0
		 FgColor=LL.Color.Black
		 SpaceOptimization=True
		 Link.URL=
		 WithText=False
		 MatchDevicePixel=False
		 [Frame]
		  {
		  Default=False
		  Layout=1
		  [Left]
		   {
		   Spacing=1000
		   Line=False
		   }
		  [Top]
		   {
		   Spacing=500
		   Line=False
		   }
		  [Right]
		   {
		   Spacing=1000
		   Line=False
		   }
		  [Bottom]
		   {
		   Spacing=500
		   Line=False
		   }
		  }
		 [Font]
		  {
		  Default=False
		  FaceName="Arial"
		  GdiCharSet=0
		  Size=12.0
		  Width=0
		  Bold=False
		  Italic=False
		  Underline=False
		  Strikeout=False
		  Color=LL.Color.Black
		  PitchAndFamily=34
		  OutPrecision=3
		  }
		 Direction=0
		 BarWidth=0
		 [BarWidth]
		  {
		  Align=0
		  }
		 BarRatio=0
		 ExportAsPicture=False
		 DwgSaveAsJPEG=0
		 Condition=True
		 ReservedMinHeight=30000
		 Animation=""
		 HTMLAnimation=""
		 }
		}
	   [Options]
		{
		Description=
		[LFont]
		 {
		 Default=True
		 FaceName=Null()
		 GdiCharSet=Null()
		 Size=Null()
		 Width=#Null()
		 Bold=Null()
		 Italic=Null()
		 Underline=Null()
		 Strikeout=Null()
		 Color=Null()
		 PitchAndFamily=Null()
		 OutPrecision=Null()
		 }
		DisplayInDesigner=True
		PDFLevel=0
		PDFText=
		IndexPDFLevel=0
		IndexPDFText=
		[ReservedSpace]
		 {
		 Left=25000
		 Top=5000
		 Right=0
		 Bottom=0
		 }
		Anchor=0
		Anchor.ToTop=True
		GroupCondition=TechnikerBarcodes.Nummer
		ResetSums=
		OnNewPage=False
		PrintRightAfterHeader=False
		KeepTogether.Group=False
		LCondition=True
		Expandable=False
		}
	   }
	  }
	 [Options]
	  {
	  }
	 }
	[GroupFooter]
	 {
	 [Lines]
	  {
	  [Line]
	   {
	   [Columns]
		{
		[Column]
		 {
		 Identifier=
		 Text=Barcode (RIGHT$("000000"+LTRIM$(TechnikerBarcodes.Nummer),6), "3-aus-9")
		 Width=45730
		 Height=12000
		 FixedHeight=0
		 bIsotropic=True
		 PlainTextFormat=True
		 Align=0
		 AlignDecPosition=-10000
		 VAlign=0
		 DrawingAlignment=0
		 Adjusted=False
		 LineWrap=1
		 ForceWrap=False
		 FlowControl=False
		 Spacing.Line=0
		 bFill=1
		 Raster=1
		 BkColor=LL.Scheme.BackgroundColor0
		 FgColor=LL.Color.Black
		 SpaceOptimization=True
		 Link.URL=
		 WithText=False
		 MatchDevicePixel=False
		 [Frame]
		  {
		  Default=False
		  Layout=1
		  [Left]
		   {
		   Spacing=1000
		   Line=False
		   }
		  [Top]
		   {
		   Spacing=500
		   Line=False
		   }
		  [Right]
		   {
		   Spacing=1000
		   Line=False
		   }
		  [Bottom]
		   {
		   Spacing=500
		   Line=False
		   }
		  }
		 [Font]
		  {
		  Default=True
		  FaceName=Null()
		  GdiCharSet=Null()
		  Size=Null()
		  Width=#Null()
		  Bold=Null()
		  Italic=Null()
		  Underline=Null()
		  Strikeout=Null()
		  Color=Null()
		  PitchAndFamily=Null()
		  OutPrecision=Null()
		  }
		 Direction=0
		 BarWidth=0
		 [BarWidth]
		  {
		  Align=0
		  }
		 BarRatio=0
		 ExportAsPicture=False
		 DwgSaveAsJPEG=0
		 Condition=True
		 ReservedMinHeight=30000
		 Animation=""
		 HTMLAnimation=""
		 }
		}
	   [Options]
		{
		Description=
		[LFont]
		 {
		 Default=True
		 FaceName=Null()
		 GdiCharSet=Null()
		 Size=Null()
		 Width=#Null()
		 Bold=Null()
		 Italic=Null()
		 Underline=Null()
		 Strikeout=Null()
		 Color=Null()
		 PitchAndFamily=Null()
		 OutPrecision=Null()
		 }
		DisplayInDesigner=True
		PDFLevel=0
		PDFText=
		IndexPDFLevel=0
		IndexPDFText=
		[ReservedSpace]
		 {
		 Left=25000
		 Top=0
		 Right=0
		 Bottom=5000
		 }
		Anchor=0
		Anchor.ToTop=True
		GroupCondition=TechnikerBarcodes.Nummer
		ResetSums=
		TriggerNewPage=False
		LCondition=True
		}
	   }
	  }
	 [Options]
	  {
	  }
	 }
	}
   }
  }
[Object]
 ObjectID=3
 ObjectName=Linie
 Locked=FALSE
 LinkUUID={EF56D7D1-033E-411C-81F1-282D3CC1DB34}
 LinkMode=32
 LayerID=0
 LayerCond=
 GroupUUID=
 Identifier=
 Condition=True
 UserLocked=False
 WrapBefore=False
 ExportAsPicture=False
 Position/Left=6760
 Position/Top=#20+1*50
 Position/Width=194670
 Position/Height=1000
 Direction=0
 Frame/Layout=0
 Frame/Left/Spacing=0
 Frame/Left/Line=False
 Frame/Top/Spacing=0
 Frame/Top/Line=False
 Frame/Right/Spacing=0
 Frame/Right/Line=False
 Frame/Bottom/Spacing=0
 Frame/Bottom/Line=False
 PDFLevel=0
 PDFText=
 IndexPDFLevel=0
 IndexPDFText=
 IssueCondition=True
 Link.URL=
 Animation=""
 FgColor=RGB(180,180,180)
 LineType=0
 Width=#@Strichdicke
 LineDirection=0
[Object]
 ObjectID=3
 ObjectName=Linie
 Locked=FALSE
 LinkUUID={BD4191F8-54AE-45D4-88B8-1F665F80C2FE}
 LinkMode=32
 LayerID=0
 LayerCond=
 GroupUUID=
 Identifier=
 Condition=True
 UserLocked=False
 WrapBefore=False
 ExportAsPicture=False
 Position/Left=8190
 Position/Top=#20+2*50
 Position/Width=194670
 Position/Height=1000
 Direction=0
 Frame/Layout=0
 Frame/Left/Spacing=0
 Frame/Left/Line=False
 Frame/Top/Spacing=0
 Frame/Top/Line=False
 Frame/Right/Spacing=0
 Frame/Right/Line=False
 Frame/Bottom/Spacing=0
 Frame/Bottom/Line=False
 PDFLevel=0
 PDFText=
 IndexPDFLevel=0
 IndexPDFText=
 IssueCondition=True
 Link.URL=
 Animation=""
 FgColor=RGB(180,180,180)
 LineType=0
 Width=#@Strichdicke
 LineDirection=0
[Object]
 ObjectID=3
 ObjectName=Linie
 Locked=FALSE
 LinkUUID={F3EDDFDC-F2F1-43E5-B363-635792CF8C9A}
 LinkMode=32
 LayerID=0
 LayerCond=
 GroupUUID=
 Identifier=
 Condition=True
 UserLocked=False
 WrapBefore=False
 ExportAsPicture=False
 Position/Left=8900
 Position/Top=#20+3*50
 Position/Width=194670
 Position/Height=1000
 Direction=0
 Frame/Layout=0
 Frame/Left/Spacing=0
 Frame/Left/Line=False
 Frame/Top/Spacing=0
 Frame/Top/Line=False
 Frame/Right/Spacing=0
 Frame/Right/Line=False
 Frame/Bottom/Spacing=0
 Frame/Bottom/Line=False
 PDFLevel=0
 PDFText=
 IndexPDFLevel=0
 IndexPDFText=
 IssueCondition=True
 Link.URL=
 Animation=""
 FgColor=RGB(180,180,180)
 LineType=0
 Width=#@Strichdicke
 LineDirection=0
[Object]
 ObjectID=3
 ObjectName=Linie
 Locked=FALSE
 LinkUUID={FBCFAF1B-C8D3-4943-BA16-C603D9877EDF}
 LinkMode=32
 LayerID=0
 LayerCond=
 GroupUUID=
 Identifier=
 Condition=True
 UserLocked=False
 WrapBefore=False
 ExportAsPicture=False
 Position/Left=8900
 Position/Top=#20+4*50
 Position/Width=194670
 Position/Height=1000
 Direction=0
 Frame/Layout=0
 Frame/Left/Spacing=0
 Frame/Left/Line=False
 Frame/Top/Spacing=0
 Frame/Top/Line=False
 Frame/Right/Spacing=0
 Frame/Right/Line=False
 Frame/Bottom/Spacing=0
 Frame/Bottom/Line=False
 PDFLevel=0
 PDFText=
 IndexPDFLevel=0
 IndexPDFText=
 IssueCondition=True
 Link.URL=
 Animation=""
 FgColor=RGB(180,180,180)
 LineType=0
 Width=#@Strichdicke
 LineDirection=0
[Object]
 ObjectID=3
 ObjectName=Linie
 Locked=FALSE
 LinkUUID={6CFE410A-4BF9-4530-9EA0-1340264EEE46}
 LinkMode=32
 LayerID=0
 LayerCond=
 GroupUUID=
 Identifier=
 Condition=True
 UserLocked=False
 WrapBefore=False
 ExportAsPicture=False
 Position/Left=7470
 Position/Top=20000
 Position/Width=194670
 Position/Height=1000
 Direction=0
 Frame/Layout=0
 Frame/Left/Spacing=0
 Frame/Left/Line=False
 Frame/Top/Spacing=0
 Frame/Top/Line=False
 Frame/Right/Spacing=0
 Frame/Right/Line=False
 Frame/Bottom/Spacing=0
 Frame/Bottom/Line=False
 PDFLevel=0
 PDFText=
 IndexPDFLevel=0
 IndexPDFText=
 IssueCondition=True
 Link.URL=
 Animation=""
 FgColor=RGB(180,180,180)
 LineType=0
 Width=#@Strichdicke
 LineDirection=0
[Object]
 ObjectID=3
 ObjectName=Linie
 Locked=FALSE
 LinkUUID={01184630-264A-4912-A33F-81ED9D2CED39}
 LinkMode=32
 LayerID=0
 LayerCond=
 GroupUUID=
 Identifier=
 Condition=True
 UserLocked=False
 WrapBefore=False
 ExportAsPicture=False
 Position/Left=8900
 Position/Top=#20+4*50
 Position/Width=194670
 Position/Height=1000
 Direction=0
 Frame/Layout=0
 Frame/Left/Spacing=0
 Frame/Left/Line=False
 Frame/Top/Spacing=0
 Frame/Top/Line=False
 Frame/Right/Spacing=0
 Frame/Right/Line=False
 Frame/Bottom/Spacing=0
 Frame/Bottom/Line=False
 PDFLevel=0
 PDFText=
 IndexPDFLevel=0
 IndexPDFText=
 IssueCondition=True
 Link.URL=
 Animation=""
 FgColor=RGB(180,180,180)
 LineType=0
 Width=#@Strichdicke
 LineDirection=0
[Object]
 ObjectID=3
 ObjectName=Linie
 Locked=FALSE
 LinkUUID={6907E423-7E2D-4DA5-913C-3FFF8AC4CB54}
 LinkMode=32
 LayerID=0
 LayerCond=
 GroupUUID=
 Identifier=
 Condition=True
 UserLocked=False
 WrapBefore=False
 ExportAsPicture=False
 Position/Left=8900
 Position/Top=#20+4*50
 Position/Width=194670
 Position/Height=1000
 Direction=0
 Frame/Layout=0
 Frame/Left/Spacing=0
 Frame/Left/Line=False
 Frame/Top/Spacing=0
 Frame/Top/Line=False
 Frame/Right/Spacing=0
 Frame/Right/Line=False
 Frame/Bottom/Spacing=0
 Frame/Bottom/Line=False
 PDFLevel=0
 PDFText=
 IndexPDFLevel=0
 IndexPDFText=
 IssueCondition=True
 Link.URL=
 Animation=""
 FgColor=RGB(180,180,180)
 LineType=0
 Width=#@Strichdicke
 LineDirection=0
[Object]
 ObjectID=3
 ObjectName=Linie
 Locked=FALSE
 LinkUUID={740DC216-FE39-4105-89EF-6A22873C4BEF}
 LinkMode=32
 LayerID=0
 LayerCond=
 GroupUUID=
 Identifier=
 Condition=True
 UserLocked=False
 WrapBefore=False
 ExportAsPicture=False
 Position/Left=8190
 Position/Top=#20+5*50
 Position/Width=194670
 Position/Height=1000
 Direction=0
 Frame/Layout=0
 Frame/Left/Spacing=0
 Frame/Left/Line=False
 Frame/Top/Spacing=0
 Frame/Top/Line=False
 Frame/Right/Spacing=0
 Frame/Right/Line=False
 Frame/Bottom/Spacing=0
 Frame/Bottom/Line=False
 PDFLevel=0
 PDFText=
 IndexPDFLevel=0
 IndexPDFText=
 IssueCondition=True
 Link.URL=
 Animation=""
 FgColor=RGB(180,180,180)
 LineType=0
 Width=#@Strichdicke
 LineDirection=0
[Object]
 ObjectID=3
 ObjectName=Linie
 Locked=FALSE
 LinkUUID={6C39250C-217B-42C5-8BD4-1E8A1BF036C6}
 LinkMode=32
 LayerID=0
 LayerCond=
 GroupUUID=
 Identifier=
 Condition=True
 UserLocked=False
 WrapBefore=False
 ExportAsPicture=False
 Position/Left=15000
 Position/Top=12000
 Position/Width=#@Strichdicke
 Position/Height=276730
 Direction=0
 Frame/Layout=0
 Frame/Left/Spacing=0
 Frame/Left/Line=False
 Frame/Top/Spacing=0
 Frame/Top/Line=False
 Frame/Right/Spacing=0
 Frame/Right/Line=False
 Frame/Bottom/Spacing=0
 Frame/Bottom/Line=False
 PDFLevel=0
 PDFText=
 IndexPDFLevel=0
 IndexPDFText=
 IssueCondition=True
 Link.URL=
 Animation=""
 FgColor=RGB(180,180,180)
 LineType=0
 Width=#@Strichdicke
 LineDirection=0
[Object]
 ObjectID=3
 ObjectName=Linie
 Locked=FALSE
 LinkUUID={FD2F7B08-0419-4E65-95AE-33C24AD37367}
 LinkMode=32
 LayerID=0
 LayerCond=
 GroupUUID=
 Identifier=
 Condition=True
 UserLocked=False
 WrapBefore=False
 ExportAsPicture=False
 Position/Left=105000
 Position/Top=11390
 Position/Width=#@Strichdicke
 Position/Height=276730
 Direction=0
 Frame/Layout=0
 Frame/Left/Spacing=0
 Frame/Left/Line=False
 Frame/Top/Spacing=0
 Frame/Top/Line=False
 Frame/Right/Spacing=0
 Frame/Right/Line=False
 Frame/Bottom/Spacing=0
 Frame/Bottom/Line=False
 PDFLevel=0
 PDFText=
 IndexPDFLevel=0
 IndexPDFText=
 IssueCondition=True
 Link.URL=
 Animation=""
 FgColor=RGB(180,180,180)
 LineType=0
 Width=#@Strichdicke
 LineDirection=0
[Object]
 ObjectID=3
 ObjectName=Linie
 Locked=FALSE
 LinkUUID={27AE7E82-82CE-4D0A-BFEE-C640365FA3CA}
 LinkMode=32
 LayerID=0
 LayerCond=
 GroupUUID=
 Identifier=
 Condition=True
 UserLocked=False
 WrapBefore=False
 ExportAsPicture=False
 Position/Left=195000
 Position/Top=11040
 Position/Width=#@Strichdicke
 Position/Height=276730
 Direction=0
 Frame/Layout=0
 Frame/Left/Spacing=0
 Frame/Left/Line=False
 Frame/Top/Spacing=0
 Frame/Top/Line=False
 Frame/Right/Spacing=0
 Frame/Right/Line=False
 Frame/Bottom/Spacing=0
 Frame/Bottom/Line=False
 PDFLevel=0
 PDFText=
 IndexPDFLevel=0
 IndexPDFText=
 IssueCondition=True
 Link.URL=
 Animation=""
 FgColor=RGB(180,180,180)
 LineType=0
 Width=#@Strichdicke
 LineDirection=0
[UserVariables]
 User1=@Strichdicke;0.2
[Parameters]
 [@Parameters]
  {
  [Parameters]
   {
   LL.MultiPassCondition=PrintPassIndex()=PrintPassCount()
   LL.MultiPassCount=1
   LL.ProjectDescription=List & Label Projektdatei
   }
  }
[UsedIdentifiers]
 Variables=
 Fields=TechnikerBarcodes.Nummer
 ChartFields=
[PageLayouts]
 [@PageLayouts]
  {
  [PageLayouts]
   {
   [PageLayout]
	{
	DisplayName=
	Condition=True
	SourceTray=7
	ForcePaperFormat=True
	UsePhysicalPaper=True
	PaperFormat=0
	PaperFormat.cx=209970
	PaperFormat.cy=296920
	PaperFormat.Orientation=1
	Copies=1
	Duplex=1
	Collate=0
	FitPage=False
	ShowInPrintDialog=True
	}
   }
  }
[ExtendedInfo]
 [@ExtendedInfos]
  {
  [UserDefinedDesignScheme]
   {
   [Foreground]
	{
	Color=(173,215,227)
	Color=(167,195,209)
	Color=(165,170,199)
	Color=(155,122,153)
	Color=(135,95,119)
	Color=(255,230,179)
	Color=(238,190,93)
	Color=(242,167,17)
	Color=(166,178,102)
	Color=(102,204,199)
	}
   [Background]
	{
	Color=(240,249,255)
	Color=(255,230,179)
	Color=(173,215,227)
	Color=(167,195,209)
	FillMode=1
	}
   }
  [AutoTranslationTable.ID]
   {
   6={C02B0935-5606-46FE-B1A3-F5B413139D2D}
   }
  [UIDescriptions]
   {
   0=TecBarco.LST
   }
  [Subreports]
   {
   }
  }
